C:\Program Files (x86)\Microsoft Visual Studio\2017\Community\Common7\IDE\VC\VCTargets\Microsoft.CppBuild.targets(391,5): warning MSB8028: 중간 디렉터리(Debug\)에 다른 프로젝트(kepco.co.kr.vcxproj)에서 공유하는 파일이 포함되어 있습니다.  이로 인해 잘못된 정리 및 다시 빌드 동작이 수행될 수 있습니다.
  kepco.co.kr.cpp
c:\users\hacke\documents\repo\outsourcing\sources\c&c++\2020-11-11-한전취업계산기\kepco.co.kr\kepco.co.kr.cpp(165): warning C4244: '+=': 'double'에서 'int'(으)로 변환하면서 데이터가 손실될 수 있습니다.
c:\users\hacke\documents\repo\outsourcing\sources\c&c++\2020-11-11-한전취업계산기\kepco.co.kr\kepco.co.kr.cpp(168): warning C4244: '+=': 'double'에서 'int'(으)로 변환하면서 데이터가 손실될 수 있습니다.
c:\users\hacke\documents\repo\outsourcing\sources\c&c++\2020-11-11-한전취업계산기\kepco.co.kr\kepco.co.kr.cpp(171): warning C4244: '+=': 'double'에서 'int'(으)로 변환하면서 데이터가 손실될 수 있습니다.
c:\users\hacke\documents\repo\outsourcing\sources\c&c++\2020-11-11-한전취업계산기\kepco.co.kr\kepco.co.kr.cpp(174): warning C4244: '+=': 'double'에서 'int'(으)로 변환하면서 데이터가 손실될 수 있습니다.
c:\users\hacke\documents\repo\outsourcing\sources\c&c++\2020-11-11-한전취업계산기\kepco.co.kr\kepco.co.kr.cpp(177): warning C4244: '+=': 'double'에서 'int'(으)로 변환하면서 데이터가 손실될 수 있습니다.
c:\users\hacke\documents\repo\outsourcing\sources\c&c++\2020-11-11-한전취업계산기\kepco.co.kr\kepco.co.kr.cpp(180): warning C4244: '+=': 'double'에서 'int'(으)로 변환하면서 데이터가 손실될 수 있습니다.
c:\users\hacke\documents\repo\outsourcing\sources\c&c++\2020-11-11-한전취업계산기\kepco.co.kr\kepco.co.kr.cpp(183): warning C4244: '+=': 'double'에서 'int'(으)로 변환하면서 데이터가 손실될 수 있습니다.
c:\users\hacke\documents\repo\outsourcing\sources\c&c++\2020-11-11-한전취업계산기\kepco.co.kr\kepco.co.kr.cpp(199): warning C4244: '+=': 'double'에서 'int'(으)로 변환하면서 데이터가 손실될 수 있습니다.
c:\users\hacke\documents\repo\outsourcing\sources\c&c++\2020-11-11-한전취업계산기\kepco.co.kr\kepco.co.kr.cpp(203): warning C4244: '+=': 'double'에서 'int'(으)로 변환하면서 데이터가 손실될 수 있습니다.
c:\users\hacke\documents\repo\outsourcing\sources\c&c++\2020-11-11-한전취업계산기\kepco.co.kr\kepco.co.kr.cpp(386): warning C4244: '인수': 'int'에서 'float'(으)로 변환하면서 데이터가 손실될 수 있습니다.
c:\users\hacke\documents\repo\outsourcing\sources\c&c++\2020-11-11-한전취업계산기\kepco.co.kr\kepco.co.kr.cpp(386): warning C4305: '인수': 'double'에서 'float'(으)로 잘립니다.
c:\users\hacke\documents\repo\outsourcing\sources\c&c++\2020-11-11-한전취업계산기\kepco.co.kr\kepco.co.kr.cpp(387): warning C4244: '인수': 'int'에서 'float'(으)로 변환하면서 데이터가 손실될 수 있습니다.
c:\users\hacke\documents\repo\outsourcing\sources\c&c++\2020-11-11-한전취업계산기\kepco.co.kr\kepco.co.kr.cpp(388): warning C4244: '인수': 'int'에서 'float'(으)로 변환하면서 데이터가 손실될 수 있습니다.
c:\users\hacke\documents\repo\outsourcing\sources\c&c++\2020-11-11-한전취업계산기\kepco.co.kr\kepco.co.kr.cpp(388): warning C4305: '인수': 'double'에서 'float'(으)로 잘립니다.
c:\users\hacke\documents\repo\outsourcing\sources\c&c++\2020-11-11-한전취업계산기\kepco.co.kr\kepco.co.kr.cpp(389): warning C4244: '인수': 'int'에서 'float'(으)로 변환하면서 데이터가 손실될 수 있습니다.
c:\users\hacke\documents\repo\outsourcing\sources\c&c++\2020-11-11-한전취업계산기\kepco.co.kr\kepco.co.kr.cpp(390): warning C4244: '인수': 'int'에서 'float'(으)로 변환하면서 데이터가 손실될 수 있습니다.
c:\users\hacke\documents\repo\outsourcing\sources\c&c++\2020-11-11-한전취업계산기\kepco.co.kr\kepco.co.kr.cpp(391): warning C4244: '인수': 'int'에서 'float'(으)로 변환하면서 데이터가 손실될 수 있습니다.
c:\users\hacke\documents\repo\outsourcing\sources\c&c++\2020-11-11-한전취업계산기\kepco.co.kr\kepco.co.kr.cpp(392): warning C4244: '인수': 'int'에서 'float'(으)로 변환하면서 데이터가 손실될 수 있습니다.
c:\users\hacke\documents\repo\outsourcing\sources\c&c++\2020-11-11-한전취업계산기\kepco.co.kr\kepco.co.kr.cpp(392): warning C4305: '인수': 'double'에서 'float'(으)로 잘립니다.
c:\users\hacke\documents\repo\outsourcing\sources\c&c++\2020-11-11-한전취업계산기\kepco.co.kr\kepco.co.kr.cpp(393): warning C4244: '인수': 'int'에서 'float'(으)로 변환하면서 데이터가 손실될 수 있습니다.
c:\users\hacke\documents\repo\outsourcing\sources\c&c++\2020-11-11-한전취업계산기\kepco.co.kr\kepco.co.kr.cpp(394): warning C4244: '인수': 'int'에서 'float'(으)로 변환하면서 데이터가 손실될 수 있습니다.
c:\users\hacke\documents\repo\outsourcing\sources\c&c++\2020-11-11-한전취업계산기\kepco.co.kr\kepco.co.kr.cpp(395): warning C4244: '인수': 'int'에서 'float'(으)로 변환하면서 데이터가 손실될 수 있습니다.
c:\users\hacke\documents\repo\outsourcing\sources\c&c++\2020-11-11-한전취업계산기\kepco.co.kr\kepco.co.kr.cpp(395): warning C4305: '인수': 'double'에서 'float'(으)로 잘립니다.
c:\users\hacke\documents\repo\outsourcing\sources\c&c++\2020-11-11-한전취업계산기\kepco.co.kr\kepco.co.kr.cpp(396): warning C4244: '인수': 'int'에서 'float'(으)로 변환하면서 데이터가 손실될 수 있습니다.
c:\users\hacke\documents\repo\outsourcing\sources\c&c++\2020-11-11-한전취업계산기\kepco.co.kr\kepco.co.kr.cpp(39): warning C4715: 'scoring': 모든 제어 경로에서 값을 반환하지는 않습니다.
  kepco.co.kr.vcxproj -> C:\Users\hacke\Documents\Repo\Outsourcing\Sources\C&C++\2020-11-11-한전취업계산기\Debug\kepcoCalc.exe
